SF:lib/src/list_notifier.dart
DA:9,0
DA:11,0
DA:13,0
DA:14,0
DA:15,0
DA:19,0
DA:21,0
DA:22,0
DA:25,0
DA:27,0
DA:28,0
DA:29,0
DA:33,0
DA:35,0
DA:36,0
DA:37,0
DA:41,0
DA:43,0
DA:44,0
DA:47,0
DA:49,0
DA:50,0
DA:51,0
DA:55,0
DA:57,0
DA:58,0
DA:61,0
DA:63,0
DA:64,0
DA:70,0
DA:72,0
DA:73,0
DA:77,0
DA:79,0
DA:80,0
DA:83,0
DA:85,0
DA:86,0
DA:90,0
DA:92,0
DA:93,0
DA:94,0
DA:95,0
DA:99,0
DA:101,0
DA:102,0
DA:105,0
DA:107,0
DA:108,0
DA:109,0
DA:110,0
DA:114,0
DA:116,0
DA:117,0
DA:120,0
DA:122,0
DA:123,0
DA:126,0
DA:128,0
DA:129,0
DA:132,0
DA:134,0
DA:135,0
LF:63
LH:0
end_of_record
SF:lib/src/set_notifier.dart
DA:7,3
DA:9,0
DA:12,1
DA:14,1
DA:15,1
DA:21,1
DA:23,1
DA:24,1
DA:25,2
DA:26,1
DA:30,1
DA:32,1
DA:33,1
DA:34,1
DA:38,1
DA:40,1
DA:41,1
DA:47,1
DA:49,1
DA:50,1
DA:51,2
DA:52,1
DA:56,0
DA:58,0
DA:59,0
DA:60,0
DA:61,0
DA:65,0
DA:67,0
DA:68,0
DA:69,0
DA:70,0
LF:32
LH:21
end_of_record
